<?xml version="1.0" encoding="UTF-8"?>
<!-- Generated by org.testng.reporters.JUnitReportReporter -->
<testsuite hostname="C02V54UZHV2Q" failures="0" tests="3" name="test" time="27.612" errors="0" timestamp="21 Nov 2017 10:05:15 GMT" skipped="0">
  <testcase classname="test" name="unsuccessfulLogin" time="6.656"/>
  <testcase classname="test" name="forgotPassword" time="7.989"/>
  <testcase classname="test" name="successfulLogin" time="12.967"/>
</testsuite> <!-- test -->
